<?xml version="1.0" encoding="UTF-8"?>
<testng-results ignored="1" total="2" passed="1" failed="0" skipped="0">
  <reporter-output>
  </reporter-output>
  <suite started-at="2018-07-13T10:27:48Z" name="Suite" finished-at="2018-07-13T10:28:46Z" duration-ms="57960">
    <groups>
      <group name="browser">
        <method signature="examTest.sindhu()[pri:0, instance:TestNG.examTest@1a18644]" name="sindhu" class="TestNG.examTest"/>
      </group> <!-- browser -->
    </groups>
    <test started-at="2018-07-13T10:27:48Z" name="Test" finished-at="2018-07-13T10:28:46Z" duration-ms="57960">
      <class name="TestNG.examTest">
        <test-method signature="sindhu()[pri:0, instance:TestNG.examTest@1a18644]" started-at="2018-07-13T10:27:48Z" name="sindhu" finished-at="2018-07-13T10:28:46Z" duration-ms="57770" status="PASS">
          <reporter-output>
          </reporter-output>
        </test-method> <!-- sindhu -->
      </class> <!-- TestNG.examTest -->
    </test> <!-- Test -->
  </suite> <!-- Suite -->
</testng-results>
